-------------------------------------------------------------------------------
Test set: com.examly.springapp.SpringappApplicationTests
-------------------------------------------------------------------------------
Tests run: 19, Failures: 2, Errors: 0, Skipped: 0, Time elapsed: 4.916 s <<< FAILURE! - in com.examly.springapp.SpringappApplicationTests
com.examly.springapp.SpringappApplicationTests.backend_day20_testApplicationHasManyToOneAnnotations  Time elapsed: 0.007 s  <<< FAILURE!
org.opentest4j.AssertionFailedError: Missing @ManyToOne annotation for 'job' or 'user' in Application class.
	at com.examly.springapp.SpringappApplicationTests.backend_day20_testApplicationHasManyToOneAnnotations(SpringappApplicationTests.java:176)

com.examly.springapp.SpringappApplicationTests.backend_day23_testGetAllApplication  Time elapsed: 0.012 s  <<< FAILURE!
java.lang.AssertionError: Status expected:<200> but was:<404>
	at com.examly.springapp.SpringappApplicationTests.backend_day23_testGetAllApplication(SpringappApplicationTests.java:222)

