-------------------------------------------------------------------------------
Test set: com.examly.springapp.SpringappApplicationTests
-------------------------------------------------------------------------------
Tests run: 19, Failures: 6, Errors: 0, Skipped: 0, Time elapsed: 3.676 s <<< FAILURE! - in com.examly.springapp.SpringappApplicationTests
com.examly.springapp.SpringappApplicationTests.backend_day20_testApplicationHasManyToOneAnnotations  Time elapsed: 0.005 s  <<< FAILURE!
org.opentest4j.AssertionFailedError: Missing @ManyToOne annotation for 'job' or 'user' in Application class.
	at com.examly.springapp.SpringappApplicationTests.backend_day20_testApplicationHasManyToOneAnnotations(SpringappApplicationTests.java:176)

com.examly.springapp.SpringappApplicationTests.backend_day21_testApplicationServiceInterfaceAndImplementation  Time elapsed: 0.003 s  <<< FAILURE!
org.opentest4j.AssertionFailedError: Interface or implementation not found: com.examly.springapp.service.ApplicationServiceImpl
	at com.examly.springapp.SpringappApplicationTests.backend_day21_testApplicationServiceInterfaceAndImplementation(SpringappApplicationTests.java:195)

com.examly.springapp.SpringappApplicationTests.backend_day23_testApplicationControllerFileExists  Time elapsed: 0.004 s  <<< FAILURE!
org.opentest4j.AssertionFailedError: expected: <true> but was: <false>
	at com.examly.springapp.SpringappApplicationTests.backend_day23_testApplicationControllerFileExists(SpringappApplicationTests.java:214)

com.examly.springapp.SpringappApplicationTests.backend_day23_testGetAllApplication  Time elapsed: 0.012 s  <<< FAILURE!
java.lang.AssertionError: Status expected:<200> but was:<404>
	at com.examly.springapp.SpringappApplicationTests.backend_day23_testGetAllApplication(SpringappApplicationTests.java:222)

com.examly.springapp.SpringappApplicationTests.backend_day24_testEntityUserFileExists  Time elapsed: 0.002 s  <<< FAILURE!
org.opentest4j.AssertionFailedError: expected: <true> but was: <false>
	at com.examly.springapp.SpringappApplicationTests.backend_day24_testEntityUserFileExists(SpringappApplicationTests.java:232)

com.examly.springapp.SpringappApplicationTests.backend_day25_testCorsConfigFileExists  Time elapsed: 0.003 s  <<< FAILURE!
org.opentest4j.AssertionFailedError: expected: <true> but was: <false>
	at com.examly.springapp.SpringappApplicationTests.backend_day25_testCorsConfigFileExists(SpringappApplicationTests.java:241)

