<?xml version="1.0" encoding="UTF-8"?>
<testsuite xmlns:xsi="http://www.w3.org/2001/XMLSchema-instance" xsi:noNamespaceSchemaLocation="https://maven.apache.org/surefire/maven-surefire-plugin/xsd/surefire-test-report-3.0.xsd" version="3.0" name="com.examly.springapp.SpringappApplicationTests" time="5.026" tests="19" errors="0" skipped="0" failures="0">
  <properties>
[...]
</properties>
  <testcase name="backend_day15_testControllerDirectoryExists" classname="com.examly.springapp.SpringappApplicationTests" time="0.237">
    <system-out><![CDATA[12:53:06.315 [main] DEBUG org.springframework.boot.test.context.SpringBootTestContextBootstrapper - Neither @ContextConfiguration nor @ContextHierarchy found for test class [SpringappApplicationTests]: using SpringBootContextLoader
12:53:06.318 [main] DEBUG org.springframework.test.context.support.AbstractContextLoader - Could not detect default resource locations for test class [com.examly.springapp.SpringappApplicationTests]: no resource found for suffixes {-context.xml, Context.groovy}.
12:53:06.318 [main] INFO org.springframework.test.context.support.AnnotationConfigContextLoaderUtils - Could not detect default configuration classes for test class [com.examly.springapp.SpringappApplicationTests]: SpringappApplicationTests does not declare any static, non-private, non-final, nested classes annotated with @Configuration.
12:53:06.355 [main] DEBUG org.springframework.boot.test.context.SpringBootTestContextBootstrapper - Using ContextCustomizers for test class [SpringappApplicationTests]: [ImportsContextCustomizer, ExcludeFilterContextCustomizer, DuplicateJsonObjectContextCustomizer, MockitoContextCustomizer, TestRestTemplateContextCustomizer, DisableObservabilityContextCustomizer, PropertyMappingContextCustomizer, Customizer]
12:53:06.418 [main] DEBUG org.springframework.context.annotation.ClassPathScanningCandidateComponentProvider - Identified candidate component class: file [/home/coder/project/workspace/springapp/target/classes/com/examly/springapp/SpringappApplication.class]
12:53:06.419 [main] INFO org.springframework.boot.test.context.SpringBootTestContextBootstrapper - Found @SpringBootConfiguration com.examly.springapp.SpringappApplication for test class com.examly.springapp.SpringappApplicationTests
12:53:06.497 [main] DEBUG org.springframework.boot.test.context.SpringBootTestContextBootstrapper - Using TestExecutionListeners for test class [SpringappApplicationTests]: [ServletTestExecutionListener, DirtiesContextBeforeModesTestExecutionListener, ApplicationEventsTestExecutionListener, MockitoTestExecutionListener, DependencyInjectionTestExecutionListener, DirtiesContextTestExecutionListener, TransactionalTestExecutionListener, SqlScriptsTestExecutionListener, EventPublishingTestExecutionListener, ResetMocksTestExecutionListener, RestDocsTestExecutionListener, MockRestServiceServerResetTestExecutionListener, MockMvcPrintOnlyOnFailureTestExecutionListener, WebDriverTestExecutionListener, MockWebServiceServerTestExecutionListener]
12:53:06.498 [main] DEBUG org.springframework.test.context.support.AbstractDirtiesContextTestExecutionListener - Before test class: class [SpringappApplicationTests], class annotated with @DirtiesContext [false] with mode [null]

  .   ____          _            __ _ _
 /\\ / ___'_ __ _ _(_)_ __  __ _ \ \ \ \
( ( )\___ | '_ | '_| | '_ \/ _` | \ \ \ \
 \\/  ___)| |_)| | | | | || (_| |  ) ) ) )
  '  |____| .__|_| |_|_| |_\__, | / / / /
 =========|_|==============|___/=/_/_/_/
 :: Spring Boot ::                (v3.0.1)

2025-07-20T12:53:06.760Z  INFO 6770 --- [           main] c.e.springapp.SpringappApplicationTests  : Starting SpringappApplicationTests using Java 17.0.15 with PID 6770 (started by coder in /home/coder/project/workspace/springapp)
2025-07-20T12:53:06.762Z  INFO 6770 --- [           main] c.e.springapp.SpringappApplicationTests  : No active profile set, falling back to 1 default profile: "default"
2025-07-20T12:53:07.417Z  INFO 6770 --- [           main] .s.d.r.c.RepositoryConfigurationDelegate : Bootstrapping Spring Data JPA repositories in DEFAULT mode.
2025-07-20T12:53:07.484Z  INFO 6770 --- [           main] .s.d.r.c.RepositoryConfigurationDelegate : Finished Spring Data repository scanning in 59 ms. Found 3 JPA repository interfaces.
2025-07-20T12:53:07.839Z  INFO 6770 --- [           main] trationDelegate$BeanPostProcessorChecker : Bean 'org.springframework.ws.config.annotation.DelegatingWsConfiguration' of type [org.springframework.ws.config.annotation.DelegatingWsConfiguration$$SpringCGLIB$$0] is not eligible for getting processed by all BeanPostProcessors (for example: not eligible for auto-proxying)
2025-07-20T12:53:07.876Z  INFO 6770 --- [           main] .w.s.a.s.AnnotationActionEndpointMapping : Supporting [WS-Addressing August 2004, WS-Addressing 1.0]
2025-07-20T12:53:08.084Z  INFO 6770 --- [           main] o.hibernate.jpa.internal.util.LogHelper  : HHH000204: Processing PersistenceUnitInfo [name: default]
2025-07-20T12:53:08.116Z  INFO 6770 --- [           main] org.hibernate.Version                    : HHH000412: Hibernate ORM core version 6.1.6.Final
2025-07-20T12:53:08.236Z  WARN 6770 --- [           main] org.hibernate.orm.deprecation            : HHH90000021: Encountered deprecated setting [javax.persistence.sharedCache.mode], use [jakarta.persistence.sharedCache.mode] instead
2025-07-20T12:53:08.321Z  INFO 6770 --- [           main] com.zaxxer.hikari.HikariDataSource       : HikariPool-1 - Starting...
2025-07-20T12:53:08.477Z  INFO 6770 --- [           main] com.zaxxer.hikari.pool.HikariPool        : HikariPool-1 - Added connection com.mysql.cj.jdbc.ConnectionImpl@c758a2d
2025-07-20T12:53:08.478Z  INFO 6770 --- [           main] com.zaxxer.hikari.HikariDataSource       : HikariPool-1 - Start completed.
2025-07-20T12:53:08.491Z  INFO 6770 --- [           main] SQL dialect                              : HHH000400: Using dialect: org.hibernate.dialect.MySQL8Dialect
2025-07-20T12:53:08.491Z  WARN 6770 --- [           main] org.hibernate.orm.deprecation            : HHH90000026: MySQL8Dialect has been deprecated; use org.hibernate.dialect.MySQLDialect instead
2025-07-20T12:53:09.204Z  INFO 6770 --- [           main] o.h.e.t.j.p.i.JtaPlatformInitiator       : HHH000490: Using JtaPlatform implementation: [org.hibernate.engine.transaction.jta.platform.internal.NoJtaPlatform]
2025-07-20T12:53:09.213Z  INFO 6770 --- [           main] j.LocalContainerEntityManagerFactoryBean : Initialized JPA EntityManagerFactory for persistence unit 'default'
2025-07-20T12:53:09.627Z  WARN 6770 --- [           main] JpaBaseConfiguration$JpaWebConfiguration : spring.jpa.open-in-view is enabled by default. Therefore, database queries may be performed during view rendering. Explicitly configure spring.jpa.open-in-view to disable this warning
2025-07-20T12:53:10.087Z  INFO 6770 --- [           main] o.s.s.web.DefaultSecurityFilterChain     : Will secure any request with [org.springframework.security.web.session.DisableEncodeUrlFilter@38a61c81, org.springframework.security.web.context.request.async.WebAsyncManagerIntegrationFilter@2f03fdc0, org.springframework.security.web.context.SecurityContextHolderFilter@15254569, org.springframework.security.web.header.HeaderWriterFilter@629fe84, org.springframework.web.filter.CorsFilter@1a06ec24, org.springframework.security.web.authentication.logout.LogoutFilter@58c80957, com.examly.springapp.config.JwtAuthenticationFilter@642d34f1, org.springframework.security.web.savedrequest.RequestCacheAwareFilter@3a5b1af7, org.springframework.security.web.servletapi.SecurityContextHolderAwareRequestFilter@4932d580, org.springframework.security.web.authentication.AnonymousAuthenticationFilter@1715193f, org.springframework.security.web.session.SessionManagementFilter@3e371088, org.springframework.security.web.access.ExceptionTranslationFilter@2ad80cf6, org.springframework.security.web.access.intercept.AuthorizationFilter@21d6dc81]
2025-07-20T12:53:10.342Z  INFO 6770 --- [           main] o.s.b.t.m.w.SpringBootMockServletContext : Initializing Spring TestDispatcherServlet ''
2025-07-20T12:53:10.342Z  INFO 6770 --- [           main] o.s.t.web.servlet.TestDispatcherServlet  : Initializing Servlet ''
2025-07-20T12:53:10.343Z  INFO 6770 --- [           main] o.s.t.web.servlet.TestDispatcherServlet  : Completed initialization in 1 ms
2025-07-20T12:53:10.366Z  INFO 6770 --- [           main] c.e.springapp.SpringappApplicationTests  : Started SpringappApplicationTests in 3.835 seconds (process running for 4.725)
]]></system-out>
  </testcase>
  <testcase name="backend_day15_testControllerFileExists" classname="com.examly.springapp.SpringappApplicationTests" time="0.003"/>
  <testcase name="backend_day15_testWelcomeApi" classname="com.examly.springapp.SpringappApplicationTests" time="0.056"/>
  <testcase name="backend_day16_testModelDirectoryExists" classname="com.examly.springapp.SpringappApplicationTests" time="0.003"/>
  <testcase name="backend_day16_testJobModelFileExists" classname="com.examly.springapp.SpringappApplicationTests" time="0.003"/>
  <testcase name="backend_day16_testGetAllJobList" classname="com.examly.springapp.SpringappApplicationTests" time="0.062"/>
  <testcase name="backend_day17_testJobControllerFileExists" classname="com.examly.springapp.SpringappApplicationTests" time="0.003"/>
  <testcase name="backend_day17_testJobServiceFileExists" classname="com.examly.springapp.SpringappApplicationTests" time="0.004"/>
  <testcase name="backend_day17_testAddJob" classname="com.examly.springapp.SpringappApplicationTests" time="0.102">
    <system-out><![CDATA[Hibernate: insert into job (company, description, location, title) values (?, ?, ?, ?)
]]></system-out>
  </testcase>
  <testcase name="backend_day18_testGetAllJobs" classname="com.examly.springapp.SpringappApplicationTests" time="0.195">
    <system-out><![CDATA[Hibernate: select j1_0.job_id,j1_0.company,j1_0.description,j1_0.location,j1_0.title from job j1_0
Hibernate: select a1_0.job_id,a1_0.application_id,a1_0.application_date,a1_0.location_preference,a1_0.skills,a1_0.status,u1_0.user_id,u1_0.password,u1_0.role,u1_0.username,a1_0.years_of_experience from application a1_0 left join user u1_0 on u1_0.user_id=a1_0.user_user_id where a1_0.job_id=?
Hibernate: select a1_0.job_id,a1_0.application_id,a1_0.application_date,a1_0.location_preference,a1_0.skills,a1_0.status,u1_0.user_id,u1_0.password,u1_0.role,u1_0.username,a1_0.years_of_experience from application a1_0 left join user u1_0 on u1_0.user_id=a1_0.user_user_id where a1_0.job_id=?
Hibernate: select a1_0.job_id,a1_0.application_id,a1_0.application_date,a1_0.location_preference,a1_0.skills,a1_0.status,u1_0.user_id,u1_0.password,u1_0.role,u1_0.username,a1_0.years_of_experience from application a1_0 left join user u1_0 on u1_0.user_id=a1_0.user_user_id where a1_0.job_id=?
Hibernate: select a1_0.job_id,a1_0.application_id,a1_0.application_date,a1_0.location_preference,a1_0.skills,a1_0.status,u1_0.user_id,u1_0.password,u1_0.role,u1_0.username,a1_0.years_of_experience from application a1_0 left join user u1_0 on u1_0.user_id=a1_0.user_user_id where a1_0.job_id=?
Hibernate: select a1_0.job_id,a1_0.application_id,a1_0.application_date,a1_0.location_preference,a1_0.skills,a1_0.status,u1_0.user_id,u1_0.password,u1_0.role,u1_0.username,a1_0.years_of_experience from application a1_0 left join user u1_0 on u1_0.user_id=a1_0.user_user_id where a1_0.job_id=?
Hibernate: select a1_0.job_id,a1_0.application_id,a1_0.application_date,a1_0.location_preference,a1_0.skills,a1_0.status,u1_0.user_id,u1_0.password,u1_0.role,u1_0.username,a1_0.years_of_experience from application a1_0 left join user u1_0 on u1_0.user_id=a1_0.user_user_id where a1_0.job_id=?
Hibernate: select a1_0.job_id,a1_0.application_id,a1_0.application_date,a1_0.location_preference,a1_0.skills,a1_0.status,u1_0.user_id,u1_0.password,u1_0.role,u1_0.username,a1_0.years_of_experience from application a1_0 left join user u1_0 on u1_0.user_id=a1_0.user_user_id where a1_0.job_id=?
Hibernate: select a1_0.job_id,a1_0.application_id,a1_0.application_date,a1_0.location_preference,a1_0.skills,a1_0.status,u1_0.user_id,u1_0.password,u1_0.role,u1_0.username,a1_0.years_of_experience from application a1_0 left join user u1_0 on u1_0.user_id=a1_0.user_user_id where a1_0.job_id=?
Hibernate: select a1_0.job_id,a1_0.application_id,a1_0.application_date,a1_0.location_preference,a1_0.skills,a1_0.status,u1_0.user_id,u1_0.password,u1_0.role,u1_0.username,a1_0.years_of_experience from application a1_0 left join user u1_0 on u1_0.user_id=a1_0.user_user_id where a1_0.job_id=?
Hibernate: select a1_0.job_id,a1_0.application_id,a1_0.application_date,a1_0.location_preference,a1_0.skills,a1_0.status,u1_0.user_id,u1_0.password,u1_0.role,u1_0.username,a1_0.years_of_experience from application a1_0 left join user u1_0 on u1_0.user_id=a1_0.user_user_id where a1_0.job_id=?
Hibernate: select a1_0.job_id,a1_0.application_id,a1_0.application_date,a1_0.location_preference,a1_0.skills,a1_0.status,u1_0.user_id,u1_0.password,u1_0.role,u1_0.username,a1_0.years_of_experience from application a1_0 left join user u1_0 on u1_0.user_id=a1_0.user_user_id where a1_0.job_id=?
Hibernate: select a1_0.job_id,a1_0.application_id,a1_0.application_date,a1_0.location_preference,a1_0.skills,a1_0.status,u1_0.user_id,u1_0.password,u1_0.role,u1_0.username,a1_0.years_of_experience from application a1_0 left join user u1_0 on u1_0.user_id=a1_0.user_user_id where a1_0.job_id=?
Hibernate: select a1_0.job_id,a1_0.application_id,a1_0.application_date,a1_0.location_preference,a1_0.skills,a1_0.status,u1_0.user_id,u1_0.password,u1_0.role,u1_0.username,a1_0.years_of_experience from application a1_0 left join user u1_0 on u1_0.user_id=a1_0.user_user_id where a1_0.job_id=?
Hibernate: select a1_0.job_id,a1_0.application_id,a1_0.application_date,a1_0.location_preference,a1_0.skills,a1_0.status,u1_0.user_id,u1_0.password,u1_0.role,u1_0.username,a1_0.years_of_experience from application a1_0 left join user u1_0 on u1_0.user_id=a1_0.user_user_id where a1_0.job_id=?
Hibernate: select a1_0.job_id,a1_0.application_id,a1_0.application_date,a1_0.location_preference,a1_0.skills,a1_0.status,u1_0.user_id,u1_0.password,u1_0.role,u1_0.username,a1_0.years_of_experience from application a1_0 left join user u1_0 on u1_0.user_id=a1_0.user_user_id where a1_0.job_id=?
Hibernate: select a1_0.job_id,a1_0.application_id,a1_0.application_date,a1_0.location_preference,a1_0.skills,a1_0.status,u1_0.user_id,u1_0.password,u1_0.role,u1_0.username,a1_0.years_of_experience from application a1_0 left join user u1_0 on u1_0.user_id=a1_0.user_user_id where a1_0.job_id=?
Hibernate: select a1_0.job_id,a1_0.application_id,a1_0.application_date,a1_0.location_preference,a1_0.skills,a1_0.status,u1_0.user_id,u1_0.password,u1_0.role,u1_0.username,a1_0.years_of_experience from application a1_0 left join user u1_0 on u1_0.user_id=a1_0.user_user_id where a1_0.job_id=?
Hibernate: select a1_0.job_id,a1_0.application_id,a1_0.application_date,a1_0.location_preference,a1_0.skills,a1_0.status,u1_0.user_id,u1_0.password,u1_0.role,u1_0.username,a1_0.years_of_experience from application a1_0 left join user u1_0 on u1_0.user_id=a1_0.user_user_id where a1_0.job_id=?
Hibernate: select a1_0.job_id,a1_0.application_id,a1_0.application_date,a1_0.location_preference,a1_0.skills,a1_0.status,u1_0.user_id,u1_0.password,u1_0.role,u1_0.username,a1_0.years_of_experience from application a1_0 left join user u1_0 on u1_0.user_id=a1_0.user_user_id where a1_0.job_id=?
Hibernate: select a1_0.job_id,a1_0.application_id,a1_0.application_date,a1_0.location_preference,a1_0.skills,a1_0.status,u1_0.user_id,u1_0.password,u1_0.role,u1_0.username,a1_0.years_of_experience from application a1_0 left join user u1_0 on u1_0.user_id=a1_0.user_user_id where a1_0.job_id=?
Hibernate: select a1_0.job_id,a1_0.application_id,a1_0.application_date,a1_0.location_preference,a1_0.skills,a1_0.status,u1_0.user_id,u1_0.password,u1_0.role,u1_0.username,a1_0.years_of_experience from application a1_0 left join user u1_0 on u1_0.user_id=a1_0.user_user_id where a1_0.job_id=?
Hibernate: select a1_0.job_id,a1_0.application_id,a1_0.application_date,a1_0.location_preference,a1_0.skills,a1_0.status,u1_0.user_id,u1_0.password,u1_0.role,u1_0.username,a1_0.years_of_experience from application a1_0 left join user u1_0 on u1_0.user_id=a1_0.user_user_id where a1_0.job_id=?
Hibernate: select a1_0.job_id,a1_0.application_id,a1_0.application_date,a1_0.location_preference,a1_0.skills,a1_0.status,u1_0.user_id,u1_0.password,u1_0.role,u1_0.username,a1_0.years_of_experience from application a1_0 left join user u1_0 on u1_0.user_id=a1_0.user_user_id where a1_0.job_id=?
Hibernate: select a1_0.job_id,a1_0.application_id,a1_0.application_date,a1_0.location_preference,a1_0.skills,a1_0.status,u1_0.user_id,u1_0.password,u1_0.role,u1_0.username,a1_0.years_of_experience from application a1_0 left join user u1_0 on u1_0.user_id=a1_0.user_user_id where a1_0.job_id=?
Hibernate: select a1_0.job_id,a1_0.application_id,a1_0.application_date,a1_0.location_preference,a1_0.skills,a1_0.status,u1_0.user_id,u1_0.password,u1_0.role,u1_0.username,a1_0.years_of_experience from application a1_0 left join user u1_0 on u1_0.user_id=a1_0.user_user_id where a1_0.job_id=?
Hibernate: select a1_0.job_id,a1_0.application_id,a1_0.application_date,a1_0.location_preference,a1_0.skills,a1_0.status,u1_0.user_id,u1_0.password,u1_0.role,u1_0.username,a1_0.years_of_experience from application a1_0 left join user u1_0 on u1_0.user_id=a1_0.user_user_id where a1_0.job_id=?
Hibernate: select a1_0.job_id,a1_0.application_id,a1_0.application_date,a1_0.location_preference,a1_0.skills,a1_0.status,u1_0.user_id,u1_0.password,u1_0.role,u1_0.username,a1_0.years_of_experience from application a1_0 left join user u1_0 on u1_0.user_id=a1_0.user_user_id where a1_0.job_id=?
Hibernate: select a1_0.job_id,a1_0.application_id,a1_0.application_date,a1_0.location_preference,a1_0.skills,a1_0.status,u1_0.user_id,u1_0.password,u1_0.role,u1_0.username,a1_0.years_of_experience from application a1_0 left join user u1_0 on u1_0.user_id=a1_0.user_user_id where a1_0.job_id=?
Hibernate: select a1_0.job_id,a1_0.application_id,a1_0.application_date,a1_0.location_preference,a1_0.skills,a1_0.status,u1_0.user_id,u1_0.password,u1_0.role,u1_0.username,a1_0.years_of_experience from application a1_0 left join user u1_0 on u1_0.user_id=a1_0.user_user_id where a1_0.job_id=?
Hibernate: select a1_0.job_id,a1_0.application_id,a1_0.application_date,a1_0.location_preference,a1_0.skills,a1_0.status,u1_0.user_id,u1_0.password,u1_0.role,u1_0.username,a1_0.years_of_experience from application a1_0 left join user u1_0 on u1_0.user_id=a1_0.user_user_id where a1_0.job_id=?
Hibernate: select a1_0.job_id,a1_0.application_id,a1_0.application_date,a1_0.location_preference,a1_0.skills,a1_0.status,u1_0.user_id,u1_0.password,u1_0.role,u1_0.username,a1_0.years_of_experience from application a1_0 left join user u1_0 on u1_0.user_id=a1_0.user_user_id where a1_0.job_id=?
Hibernate: select a1_0.job_id,a1_0.application_id,a1_0.application_date,a1_0.location_preference,a1_0.skills,a1_0.status,u1_0.user_id,u1_0.password,u1_0.role,u1_0.username,a1_0.years_of_experience from application a1_0 left join user u1_0 on u1_0.user_id=a1_0.user_user_id where a1_0.job_id=?
Hibernate: select a1_0.job_id,a1_0.application_id,a1_0.application_date,a1_0.location_preference,a1_0.skills,a1_0.status,u1_0.user_id,u1_0.password,u1_0.role,u1_0.username,a1_0.years_of_experience from application a1_0 left join user u1_0 on u1_0.user_id=a1_0.user_user_id where a1_0.job_id=?
Hibernate: select a1_0.job_id,a1_0.application_id,a1_0.application_date,a1_0.location_preference,a1_0.skills,a1_0.status,u1_0.user_id,u1_0.password,u1_0.role,u1_0.username,a1_0.years_of_experience from application a1_0 left join user u1_0 on u1_0.user_id=a1_0.user_user_id where a1_0.job_id=?
Hibernate: select a1_0.job_id,a1_0.application_id,a1_0.application_date,a1_0.location_preference,a1_0.skills,a1_0.status,u1_0.user_id,u1_0.password,u1_0.role,u1_0.username,a1_0.years_of_experience from application a1_0 left join user u1_0 on u1_0.user_id=a1_0.user_user_id where a1_0.job_id=?
Hibernate: select a1_0.job_id,a1_0.application_id,a1_0.application_date,a1_0.location_preference,a1_0.skills,a1_0.status,u1_0.user_id,u1_0.password,u1_0.role,u1_0.username,a1_0.years_of_experience from application a1_0 left join user u1_0 on u1_0.user_id=a1_0.user_user_id where a1_0.job_id=?
Hibernate: select a1_0.job_id,a1_0.application_id,a1_0.application_date,a1_0.location_preference,a1_0.skills,a1_0.status,u1_0.user_id,u1_0.password,u1_0.role,u1_0.username,a1_0.years_of_experience from application a1_0 left join user u1_0 on u1_0.user_id=a1_0.user_user_id where a1_0.job_id=?
Hibernate: select a1_0.job_id,a1_0.application_id,a1_0.application_date,a1_0.location_preference,a1_0.skills,a1_0.status,u1_0.user_id,u1_0.password,u1_0.role,u1_0.username,a1_0.years_of_experience from application a1_0 left join user u1_0 on u1_0.user_id=a1_0.user_user_id where a1_0.job_id=?
Hibernate: select a1_0.job_id,a1_0.application_id,a1_0.application_date,a1_0.location_preference,a1_0.skills,a1_0.status,u1_0.user_id,u1_0.password,u1_0.role,u1_0.username,a1_0.years_of_experience from application a1_0 left join user u1_0 on u1_0.user_id=a1_0.user_user_id where a1_0.job_id=?
Hibernate: select a1_0.job_id,a1_0.application_id,a1_0.application_date,a1_0.location_preference,a1_0.skills,a1_0.status,u1_0.user_id,u1_0.password,u1_0.role,u1_0.username,a1_0.years_of_experience from application a1_0 left join user u1_0 on u1_0.user_id=a1_0.user_user_id where a1_0.job_id=?
Hibernate: select a1_0.job_id,a1_0.application_id,a1_0.application_date,a1_0.location_preference,a1_0.skills,a1_0.status,u1_0.user_id,u1_0.password,u1_0.role,u1_0.username,a1_0.years_of_experience from application a1_0 left join user u1_0 on u1_0.user_id=a1_0.user_user_id where a1_0.job_id=?
Hibernate: select a1_0.job_id,a1_0.application_id,a1_0.application_date,a1_0.location_preference,a1_0.skills,a1_0.status,u1_0.user_id,u1_0.password,u1_0.role,u1_0.username,a1_0.years_of_experience from application a1_0 left join user u1_0 on u1_0.user_id=a1_0.user_user_id where a1_0.job_id=?
Hibernate: select a1_0.job_id,a1_0.application_id,a1_0.application_date,a1_0.location_preference,a1_0.skills,a1_0.status,u1_0.user_id,u1_0.password,u1_0.role,u1_0.username,a1_0.years_of_experience from application a1_0 left join user u1_0 on u1_0.user_id=a1_0.user_user_id where a1_0.job_id=?
Hibernate: select a1_0.job_id,a1_0.application_id,a1_0.application_date,a1_0.location_preference,a1_0.skills,a1_0.status,u1_0.user_id,u1_0.password,u1_0.role,u1_0.username,a1_0.years_of_experience from application a1_0 left join user u1_0 on u1_0.user_id=a1_0.user_user_id where a1_0.job_id=?
Hibernate: select a1_0.job_id,a1_0.application_id,a1_0.application_date,a1_0.location_preference,a1_0.skills,a1_0.status,u1_0.user_id,u1_0.password,u1_0.role,u1_0.username,a1_0.years_of_experience from application a1_0 left join user u1_0 on u1_0.user_id=a1_0.user_user_id where a1_0.job_id=?
Hibernate: select a1_0.job_id,a1_0.application_id,a1_0.application_date,a1_0.location_preference,a1_0.skills,a1_0.status,u1_0.user_id,u1_0.password,u1_0.role,u1_0.username,a1_0.years_of_experience from application a1_0 left join user u1_0 on u1_0.user_id=a1_0.user_user_id where a1_0.job_id=?
Hibernate: select a1_0.job_id,a1_0.application_id,a1_0.application_date,a1_0.location_preference,a1_0.skills,a1_0.status,u1_0.user_id,u1_0.password,u1_0.role,u1_0.username,a1_0.years_of_experience from application a1_0 left join user u1_0 on u1_0.user_id=a1_0.user_user_id where a1_0.job_id=?
Hibernate: select a1_0.job_id,a1_0.application_id,a1_0.application_date,a1_0.location_preference,a1_0.skills,a1_0.status,u1_0.user_id,u1_0.password,u1_0.role,u1_0.username,a1_0.years_of_experience from application a1_0 left join user u1_0 on u1_0.user_id=a1_0.user_user_id where a1_0.job_id=?
Hibernate: select a1_0.job_id,a1_0.application_id,a1_0.application_date,a1_0.location_preference,a1_0.skills,a1_0.status,u1_0.user_id,u1_0.password,u1_0.role,u1_0.username,a1_0.years_of_experience from application a1_0 left join user u1_0 on u1_0.user_id=a1_0.user_user_id where a1_0.job_id=?
Hibernate: select a1_0.job_id,a1_0.application_id,a1_0.application_date,a1_0.location_preference,a1_0.skills,a1_0.status,u1_0.user_id,u1_0.password,u1_0.role,u1_0.username,a1_0.years_of_experience from application a1_0 left join user u1_0 on u1_0.user_id=a1_0.user_user_id where a1_0.job_id=?
Hibernate: select a1_0.job_id,a1_0.application_id,a1_0.application_date,a1_0.location_preference,a1_0.skills,a1_0.status,u1_0.user_id,u1_0.password,u1_0.role,u1_0.username,a1_0.years_of_experience from application a1_0 left join user u1_0 on u1_0.user_id=a1_0.user_user_id where a1_0.job_id=?
Hibernate: select a1_0.job_id,a1_0.application_id,a1_0.application_date,a1_0.location_preference,a1_0.skills,a1_0.status,u1_0.user_id,u1_0.password,u1_0.role,u1_0.username,a1_0.years_of_experience from application a1_0 left join user u1_0 on u1_0.user_id=a1_0.user_user_id where a1_0.job_id=?
Hibernate: select a1_0.job_id,a1_0.application_id,a1_0.application_date,a1_0.location_preference,a1_0.skills,a1_0.status,u1_0.user_id,u1_0.password,u1_0.role,u1_0.username,a1_0.years_of_experience from application a1_0 left join user u1_0 on u1_0.user_id=a1_0.user_user_id where a1_0.job_id=?
Hibernate: select a1_0.job_id,a1_0.application_id,a1_0.application_date,a1_0.location_preference,a1_0.skills,a1_0.status,u1_0.user_id,u1_0.password,u1_0.role,u1_0.username,a1_0.years_of_experience from application a1_0 left join user u1_0 on u1_0.user_id=a1_0.user_user_id where a1_0.job_id=?
Hibernate: select a1_0.job_id,a1_0.application_id,a1_0.application_date,a1_0.location_preference,a1_0.skills,a1_0.status,u1_0.user_id,u1_0.password,u1_0.role,u1_0.username,a1_0.years_of_experience from application a1_0 left join user u1_0 on u1_0.user_id=a1_0.user_user_id where a1_0.job_id=?
Hibernate: select a1_0.job_id,a1_0.application_id,a1_0.application_date,a1_0.location_preference,a1_0.skills,a1_0.status,u1_0.user_id,u1_0.password,u1_0.role,u1_0.username,a1_0.years_of_experience from application a1_0 left join user u1_0 on u1_0.user_id=a1_0.user_user_id where a1_0.job_id=?
Hibernate: select a1_0.job_id,a1_0.application_id,a1_0.application_date,a1_0.location_preference,a1_0.skills,a1_0.status,u1_0.user_id,u1_0.password,u1_0.role,u1_0.username,a1_0.years_of_experience from application a1_0 left join user u1_0 on u1_0.user_id=a1_0.user_user_id where a1_0.job_id=?
Hibernate: select a1_0.job_id,a1_0.application_id,a1_0.application_date,a1_0.location_preference,a1_0.skills,a1_0.status,u1_0.user_id,u1_0.password,u1_0.role,u1_0.username,a1_0.years_of_experience from application a1_0 left join user u1_0 on u1_0.user_id=a1_0.user_user_id where a1_0.job_id=?
Hibernate: select a1_0.job_id,a1_0.application_id,a1_0.application_date,a1_0.location_preference,a1_0.skills,a1_0.status,u1_0.user_id,u1_0.password,u1_0.role,u1_0.username,a1_0.years_of_experience from application a1_0 left join user u1_0 on u1_0.user_id=a1_0.user_user_id where a1_0.job_id=?
Hibernate: select a1_0.job_id,a1_0.application_id,a1_0.application_date,a1_0.location_preference,a1_0.skills,a1_0.status,u1_0.user_id,u1_0.password,u1_0.role,u1_0.username,a1_0.years_of_experience from application a1_0 left join user u1_0 on u1_0.user_id=a1_0.user_user_id where a1_0.job_id=?
Hibernate: select a1_0.job_id,a1_0.application_id,a1_0.application_date,a1_0.location_preference,a1_0.skills,a1_0.status,u1_0.user_id,u1_0.password,u1_0.role,u1_0.username,a1_0.years_of_experience from application a1_0 left join user u1_0 on u1_0.user_id=a1_0.user_user_id where a1_0.job_id=?
Hibernate: select a1_0.job_id,a1_0.application_id,a1_0.application_date,a1_0.location_preference,a1_0.skills,a1_0.status,u1_0.user_id,u1_0.password,u1_0.role,u1_0.username,a1_0.years_of_experience from application a1_0 left join user u1_0 on u1_0.user_id=a1_0.user_user_id where a1_0.job_id=?
Hibernate: select a1_0.job_id,a1_0.application_id,a1_0.application_date,a1_0.location_preference,a1_0.skills,a1_0.status,u1_0.user_id,u1_0.password,u1_0.role,u1_0.username,a1_0.years_of_experience from application a1_0 left join user u1_0 on u1_0.user_id=a1_0.user_user_id where a1_0.job_id=?
Hibernate: select a1_0.job_id,a1_0.application_id,a1_0.application_date,a1_0.location_preference,a1_0.skills,a1_0.status,u1_0.user_id,u1_0.password,u1_0.role,u1_0.username,a1_0.years_of_experience from application a1_0 left join user u1_0 on u1_0.user_id=a1_0.user_user_id where a1_0.job_id=?
Hibernate: select a1_0.job_id,a1_0.application_id,a1_0.application_date,a1_0.location_preference,a1_0.skills,a1_0.status,u1_0.user_id,u1_0.password,u1_0.role,u1_0.username,a1_0.years_of_experience from application a1_0 left join user u1_0 on u1_0.user_id=a1_0.user_user_id where a1_0.job_id=?
Hibernate: select a1_0.job_id,a1_0.application_id,a1_0.application_date,a1_0.location_preference,a1_0.skills,a1_0.status,u1_0.user_id,u1_0.password,u1_0.role,u1_0.username,a1_0.years_of_experience from application a1_0 left join user u1_0 on u1_0.user_id=a1_0.user_user_id where a1_0.job_id=?
Hibernate: select a1_0.job_id,a1_0.application_id,a1_0.application_date,a1_0.location_preference,a1_0.skills,a1_0.status,u1_0.user_id,u1_0.password,u1_0.role,u1_0.username,a1_0.years_of_experience from application a1_0 left join user u1_0 on u1_0.user_id=a1_0.user_user_id where a1_0.job_id=?
Hibernate: select a1_0.job_id,a1_0.application_id,a1_0.application_date,a1_0.location_preference,a1_0.skills,a1_0.status,u1_0.user_id,u1_0.password,u1_0.role,u1_0.username,a1_0.years_of_experience from application a1_0 left join user u1_0 on u1_0.user_id=a1_0.user_user_id where a1_0.job_id=?
Hibernate: select a1_0.job_id,a1_0.application_id,a1_0.application_date,a1_0.location_preference,a1_0.skills,a1_0.status,u1_0.user_id,u1_0.password,u1_0.role,u1_0.username,a1_0.years_of_experience from application a1_0 left join user u1_0 on u1_0.user_id=a1_0.user_user_id where a1_0.job_id=?
Hibernate: select a1_0.job_id,a1_0.application_id,a1_0.application_date,a1_0.location_preference,a1_0.skills,a1_0.status,u1_0.user_id,u1_0.password,u1_0.role,u1_0.username,a1_0.years_of_experience from application a1_0 left join user u1_0 on u1_0.user_id=a1_0.user_user_id where a1_0.job_id=?
Hibernate: select a1_0.job_id,a1_0.application_id,a1_0.application_date,a1_0.location_preference,a1_0.skills,a1_0.status,u1_0.user_id,u1_0.password,u1_0.role,u1_0.username,a1_0.years_of_experience from application a1_0 left join user u1_0 on u1_0.user_id=a1_0.user_user_id where a1_0.job_id=?
Hibernate: select a1_0.job_id,a1_0.application_id,a1_0.application_date,a1_0.location_preference,a1_0.skills,a1_0.status,u1_0.user_id,u1_0.password,u1_0.role,u1_0.username,a1_0.years_of_experience from application a1_0 left join user u1_0 on u1_0.user_id=a1_0.user_user_id where a1_0.job_id=?
Hibernate: select a1_0.job_id,a1_0.application_id,a1_0.application_date,a1_0.location_preference,a1_0.skills,a1_0.status,u1_0.user_id,u1_0.password,u1_0.role,u1_0.username,a1_0.years_of_experience from application a1_0 left join user u1_0 on u1_0.user_id=a1_0.user_user_id where a1_0.job_id=?
Hibernate: select a1_0.job_id,a1_0.application_id,a1_0.application_date,a1_0.location_preference,a1_0.skills,a1_0.status,u1_0.user_id,u1_0.password,u1_0.role,u1_0.username,a1_0.years_of_experience from application a1_0 left join user u1_0 on u1_0.user_id=a1_0.user_user_id where a1_0.job_id=?
Hibernate: select a1_0.job_id,a1_0.application_id,a1_0.application_date,a1_0.location_preference,a1_0.skills,a1_0.status,u1_0.user_id,u1_0.password,u1_0.role,u1_0.username,a1_0.years_of_experience from application a1_0 left join user u1_0 on u1_0.user_id=a1_0.user_user_id where a1_0.job_id=?
Hibernate: select a1_0.job_id,a1_0.application_id,a1_0.application_date,a1_0.location_preference,a1_0.skills,a1_0.status,u1_0.user_id,u1_0.password,u1_0.role,u1_0.username,a1_0.years_of_experience from application a1_0 left join user u1_0 on u1_0.user_id=a1_0.user_user_id where a1_0.job_id=?
]]></system-out>
  </testcase>
  <testcase name="backend_day19_testApplicationModelFileExists" classname="com.examly.springapp.SpringappApplicationTests" time="0.004"/>
  <testcase name="backend_day19_testApplicationRepoFileExists" classname="com.examly.springapp.SpringappApplicationTests" time="0.004"/>
  <testcase name="backend_day20_testApplicationHasManyToOneAnnotations" classname="com.examly.springapp.SpringappApplicationTests" time="0.004"/>
  <testcase name="backend_day21_testApplicationServiceInterfaceAndImplementation" classname="com.examly.springapp.SpringappApplicationTests" time="0.003"/>
  <testcase name="backend_day22_testExceptionFile" classname="com.examly.springapp.SpringappApplicationTests" time="0.003"/>
  <testcase name="backend_day23_testApplicationControllerFileExists" classname="com.examly.springapp.SpringappApplicationTests" time="0.002"/>
  <testcase name="backend_day23_testGetAllApplication" classname="com.examly.springapp.SpringappApplicationTests" time="0.062">
    <system-out><![CDATA[Hibernate: select a1_0.application_id,a1_0.application_date,a1_0.job_id,a1_0.location_preference,a1_0.skills,a1_0.status,a1_0.user_user_id,a1_0.years_of_experience from application a1_0

MockHttpServletRequest:
      HTTP Method = GET
      Request URI = /api/applications
       Parameters = {}
          Headers = [Accept:"application/json"]
             Body = null
    Session Attrs = {}

Handler:
             Type = com.examly.springapp.controller.ApplicationController
           Method = com.examly.springapp.controller.ApplicationController#getAllAppList()

Async:
    Async started = false
     Async result = null

Resolved Exception:
             Type = null

ModelAndView:
        View name = null
             View = null
            Model = null

FlashMap:
       Attributes = null

MockHttpServletResponse:
           Status = 200
    Error message = null
          Headers = [Vary:"Origin", "Access-Control-Request-Method", "Access-Control-Request-Headers", Content-Type:"application/json", X-Content-Type-Options:"nosniff", X-XSS-Protection:"0", Cache-Control:"no-cache, no-store, max-age=0, must-revalidate", Pragma:"no-cache", Expires:"0", X-Frame-Options:"DENY"]
     Content type = application/json
             Body = []
    Forwarded URL = null
   Redirected URL = null
          Cookies = []
]]></system-out>
  </testcase>
  <testcase name="backend_day24_testEntityUserFileExists" classname="com.examly.springapp.SpringappApplicationTests" time="0.003"/>
  <testcase name="backend_day25_testCorsConfigFileExists" classname="com.examly.springapp.SpringappApplicationTests" time="0.007"/>
</testsuite>